0 info it worked if it ends with ok
1 verbose cli [ '/Users/kasperiii/.nodebrew/node/v6.2.0/bin/node',
1 verbose cli   '/Users/kasperiii/.nodebrew/current/bin/npm',
1 verbose cli   'update',
1 verbose cli   'npm',
1 verbose cli   '-g' ]
2 info using npm@3.10.7
3 info using node@v6.2.0
4 verbose stack Error: ENOENT: no such file or directory, realpath '/Users/kasperiii/.npm-packages/lib'
4 verbose stack     at Error (native)
5 verbose cwd /Users/kasperiii/Documents/kod/kasperii.github.io
6 error Darwin 15.2.0
7 error argv "/Users/kasperiii/.nodebrew/node/v6.2.0/bin/node" "/Users/kasperiii/.nodebrew/current/bin/npm" "update" "npm" "-g"
8 error node v6.2.0
9 error npm  v3.10.7
10 error path /Users/kasperiii/.npm-packages/lib
11 error code ENOENT
12 error errno -2
13 error syscall realpath
14 error enoent ENOENT: no such file or directory, realpath '/Users/kasperiii/.npm-packages/lib'
15 error enoent ENOENT: no such file or directory, realpath '/Users/kasperiii/.npm-packages/lib'
15 error enoent This is most likely not a problem with npm itself
15 error enoent and is related to npm not being able to find a file.
16 verbose exit [ -2, true ]
